# JRE version: OpenJDK Runtime Environment (11.0.15) (build 11.0.15+0-b2043.56-9505619)
# Java VM: OpenJDK 64-Bit Server VM (11.0.15+0-b2043.56-9505619, mixed mode, tiered, compressed oops, g1 gc, windows-amd64)
Heap:
 garbage-first heap   total 571392K, used 265585K [0x00000000a0000000, 0x0000000100000000)
  region size 1024K, 48 young (49152K), 8 survivors (8192K)
 Metaspace       used 110649K, capacity 113977K, committed 114096K, reserved 1148928K
  class space    used 13739K, capacity 14820K, committed 14848K, reserved 1048576K
GC Heap History (20 events):
Event: 708.804 GC heap before
{Heap before GC invocations=140 (full 0):
 garbage-first heap   total 194560K, used 189343K [0x00000000a0000000, 0x0000000100000000)
  region size 1024K, 9 young (9216K), 2 survivors (2048K)
 Metaspace       used 101864K, capacity 104640K, committed 105008K, reserved 1140736K
  class space    used 12668K, capacity 13594K, committed 13696K, reserved 1048576K
}
Event: 708.813 GC heap after
{Heap after GC invocations=141 (full 0):
 garbage-first heap   total 197632K, used 184320K [0x00000000a0000000, 0x0000000100000000)
  region size 1024K, 2 young (2048K), 2 survivors (2048K)
 Metaspace       used 101864K, capacity 104640K, committed 105008K, reserved 1140736K
  class space    used 12668K, capacity 13594K, committed 13696K, reserved 1048576K
}
Event: 708.843 GC heap before
{Heap before GC invocations=141 (full 0):
 garbage-first heap   total 197632K, used 191488K [0x00000000a0000000, 0x0000000100000000)
  region size 1024K, 9 young (9216K), 2 survivors (2048K)
 Metaspace       used 101994K, capacity 104768K, committed 105264K, reserved 1140736K
  class space    used 12681K, capacity 13594K, committed 13696K, reserved 1048576K
}
Event: 708.853 GC heap after
{Heap after GC invocations=142 (full 0):
 garbage-first heap   total 197632K, used 188341K [0x00000000a0000000, 0x0000000100000000)
  region size 1024K, 2 young (2048K), 2 survivors (2048K)
 Metaspace       used 101994K, capacity 104768K, committed 105264K, reserved 1140736K
  class space    used 12681K, capacity 13594K, committed 13696K, reserved 1048576K
}
Event: 708.904 GC heap before
{Heap before GC invocations=142 (full 0):
 garbage-first heap   total 197632K, used 194485K [0x00000000a0000000, 0x0000000100000000)
  region size 1024K, 9 young (9216K), 2 survivors (2048K)
 Metaspace       used 102109K, capacity 104875K, committed 105392K, reserved 1140736K
  class space    used 12696K, capacity 13630K, committed 13824K, reserved 1048576K
}
Event: 708.913 GC heap after
{Heap after GC invocations=143 (full 0):
 garbage-first heap   total 201728K, used 192457K [0x00000000a0000000, 0x0000000100000000)
  region size 1024K, 2 young (2048K), 2 survivors (2048K)
 Metaspace       used 102109K, capacity 104875K, committed 105392K, reserved 1140736K
  class space    used 12696K, capacity 13630K, committed 13824K, reserved 1048576K
}
Event: 709.026 GC heap before
{Heap before GC invocations=143 (full 0):
 garbage-first heap   total 201728K, used 198601K [0x00000000a0000000, 0x0000000100000000)
  region size 1024K, 9 young (9216K), 2 survivors (2048K)
 Metaspace       used 102551K, capacity 105336K, committed 105648K, reserved 1140736K
  class space    used 12754K, capacity 13678K, committed 13824K, reserved 1048576K
}
Event: 709.036 GC heap after
{Heap after GC invocations=144 (full 0):
 garbage-first heap   total 350208K, used 195957K [0x00000000a0000000, 0x0000000100000000)
  region size 1024K, 2 young (2048K), 2 survivors (2048K)
 Metaspace       used 102551K, capacity 105336K, committed 105648K, reserved 1140736K
  class space    used 12754K, capacity 13678K, committed 13824K, reserved 1048576K
}
Event: 709.742 GC heap before
{Heap before GC invocations=145 (full 0):
 garbage-first heap   total 350208K, used 239989K [0x00000000a0000000, 0x0000000100000000)
  region size 1024K, 45 young (46080K), 2 survivors (2048K)
 Metaspace       used 104031K, capacity 106935K, committed 107056K, reserved 1142784K
  class space    used 12897K, capacity 13838K, committed 13952K, reserved 1048576K
}
Event: 709.757 GC heap after
{Heap after GC invocations=146 (full 0):
 garbage-first heap   total 350208K, used 206724K [0x00000000a0000000, 0x0000000100000000)
  region size 1024K, 6 young (6144K), 6 survivors (6144K)
 Metaspace       used 104031K, capacity 106935K, committed 107056K, reserved 1142784K
  class space    used 12897K, capacity 13838K, committed 13952K, reserved 1048576K
}
Event: 710.080 GC heap before
{Heap before GC invocations=146 (full 0):
 garbage-first heap   total 350208K, used 251780K [0x00000000a0000000, 0x0000000100000000)
  region size 1024K, 49 young (50176K), 6 survivors (6144K)
 Metaspace       used 104915K, capacity 107860K, committed 108208K, reserved 1142784K
  class space    used 13002K, capacity 13987K, committed 14080K, reserved 1048576K
}
Event: 710.092 GC heap after
{Heap after GC invocations=147 (full 0):
 garbage-first heap   total 350208K, used 214015K [0x00000000a0000000, 0x0000000100000000)
  region size 1024K, 5 young (5120K), 5 survivors (5120K)
 Metaspace       used 104915K, capacity 107860K, committed 108208K, reserved 1142784K
  class space    used 13002K, capacity 13987K, committed 14080K, reserved 1048576K
}
Event: 710.517 GC heap before
{Heap before GC invocations=147 (full 0):
 garbage-first heap   total 350208K, used 261119K [0x00000000a0000000, 0x0000000100000000)
  region size 1024K, 49 young (50176K), 5 survivors (5120K)
 Metaspace       used 105199K, capacity 108280K, committed 108464K, reserved 1144832K
  class space    used 13037K, capacity 14019K, committed 14080K, reserved 1048576K
}
Event: 710.528 GC heap after
{Heap after GC invocations=148 (full 0):
 garbage-first heap   total 350208K, used 225247K [0x00000000a0000000, 0x0000000100000000)
  region size 1024K, 7 young (7168K), 7 survivors (7168K)
 Metaspace       used 105199K, capacity 108280K, committed 108464K, reserved 1144832K
  class space    used 13037K, capacity 14019K, committed 14080K, reserved 1048576K
}
Event: 711.359 GC heap before
{Heap before GC invocations=148 (full 0):
 garbage-first heap   total 350208K, used 288735K [0x00000000a0000000, 0x0000000100000000)
  region size 1024K, 50 young (51200K), 7 survivors (7168K)
 Metaspace       used 107134K, capacity 110166K, committed 110256K, reserved 1144832K
  class space    used 13270K, capacity 14285K, committed 14336K, reserved 1048576K
}
Event: 711.366 GC heap after
{Heap after GC invocations=149 (full 0):
 garbage-first heap   total 571392K, used 220769K [0x00000000a0000000, 0x0000000100000000)
  region size 1024K, 3 young (3072K), 3 survivors (3072K)
 Metaspace       used 107134K, capacity 110166K, committed 110256K, reserved 1144832K
  class space    used 13270K, capacity 14285K, committed 14336K, reserved 1048576K
}
Event: 742.966 GC heap before
{Heap before GC invocations=149 (full 0):
 garbage-first heap   total 571392K, used 352865K [0x00000000a0000000, 0x0000000100000000)
  region size 1024K, 133 young (136192K), 3 survivors (3072K)
 Metaspace       used 110079K, capacity 113418K, committed 113584K, reserved 1148928K
  class space    used 13697K, capacity 14744K, committed 14848K, reserved 1048576K
}
Event: 742.975 GC heap after
{Heap after GC invocations=150 (full 0):
 garbage-first heap   total 571392K, used 224507K [0x00000000a0000000, 0x0000000100000000)
  region size 1024K, 7 young (7168K), 7 survivors (7168K)
 Metaspace       used 110079K, capacity 113418K, committed 113584K, reserved 1148928K
  class space    used 13697K, capacity 14744K, committed 14848K, reserved 1048576K
}
Event: 766.788 GC heap before
{Heap before GC invocations=150 (full 0):
 garbage-first heap   total 571392K, used 386299K [0x00000000a0000000, 0x0000000100000000)
  region size 1024K, 166 young (169984K), 7 survivors (7168K)
 Metaspace       used 110595K, capacity 113977K, committed 114096K, reserved 1148928K
  class space    used 13739K, capacity 14820K, committed 14848K, reserved 1048576K
}
Event: 766.798 GC heap after
{Heap after GC invocations=151 (full 0):
 garbage-first heap   total 571392K, used 225649K [0x00000000a0000000, 0x0000000100000000)
  region size 1024K, 8 young (8192K), 8 survivors (8192K)
 Metaspace       used 110595K, capacity 113977K, committed 114096K, reserved 1148928K
  class space    used 13739K, capacity 14820K, committed 14848K, reserved 1048576K
}

